c[?7l[2J[0mSeaBIOS (version 1.13.0-1ubuntu1.1)


iPXE (http://ipxe.org) 00:03.0 CA00 PCI2.10 PnP PMM+07F8CA10+07ECCA10 CA00
Press Ctrl-B to configure iPXE (PCI 00:03.0)...                                                                               


Booting from Hard Disk..(THU.CST) os is loading ...

Special kernel symbols:
  entry  0xc0100036 (phys)
  etext  0xc01065d6 (phys)
  edata  0xc011d000 (phys)
  end    0xc011df88 (phys)
Kernel executable memory footprint: 120KB
ebp:0xc0119f38 eip:0xc0100af5
arg :0x00010094 0x00010094 0xc0119f68 0xc01000cc
    kern/debug/kdebug.c:309: print_stackframe+26
ebp:0xc0119f48 eip:0xc0100df2
arg :0x00000000 0x00000000 0x00000000 0xc0119fb8
    kern/debug/kmonitor.c:129: mon_backtrace+14
ebp:0xc0119f68 eip:0xc01000cc
arg :0x00000000 0xc0119f90 0xffff0000 0xc0119f94
    kern/init/init.c:49: grade_backtrace2+37
ebp:0xc0119f88 eip:0xc01000fa
arg :0x00000000 0xffff0000 0xc0119fb4 0x0000002a
    kern/init/init.c:54: grade_backtrace1+42
ebp:0xc0119fa8 eip:0xc010011d
arg :0x00000000 0xc0100036 0xffff0000 0x0000001d
    kern/init/init.c:59: grade_backtrace0+27
ebp:0xc0119fc8 eip:0xc0100147
arg :0xc01065fc 0xc01065e0 0x00000f88 0x00000000
    kern/init/init.c:64: grade_backtrace+38
ebp:0xc0119ff8 eip:0xc010008b
arg :0xc01067f0 0xc01067f8 0xc0100d6e 0xc0106817
    kern/init/init.c:29: kern_init+84
memory management: default_pmm_manager
e820map:
  memory: 0009fc00, [00000000, 0009fbff], type = 1.
  memory: 00000400, [0009fc00, 0009ffff], type = 2.
  memory: 00010000, [000f0000, 000fffff], type = 2.
  memory: 07ee0000, [00100000, 07fdffff], type = 1.
  memory: 00020000, [07fe0000, 07ffffff], type = 2.
  memory: 00040000, [fffc0000, ffffffff], type = 2.
check_alloc_page() succeeded!
check_pgdir() succeeded!
check_boot_pgdir() succeeded!
-------------------- BEGIN --------------------
PDE(0e0) c0000000-f8000000 38000000 urw
  |-- PTE(38000) c0000000-f8000000 38000000 -rw
PDE(001) fac00000-fb000000 00400000 -rw
  |-- PTE(000e0) faf00000-fafe0000 000e0000 urw
  |-- PTE(00001) fafeb000-fafec000 00001000 -rw
--------------------- END ---------------------
++ setup timer interrupts
100 ticks
End of Test.
kernel panic at kern/trap/trap.c:18:
    EOT: kernel seems ok.
stack trackback:
ebp:0xc0119ec0 eip:0xc0100af5
arg :0xc01066a8 0xc0119f04 0x00000012 0xc0119eec
    kern/debug/kdebug.c:309: print_stackframe+26
ebp:0xc0119ef0 eip:0xc010049d
arg :0xc010698e 0x00000012 0xc0106978 0xc0119f34
    kern/debug/panic.c:27: __panic+107
ebp:0xc0119f10 eip:0xc01019d7
arg :0xc0119f34 0x00000030 0xc01072f0 0x00000003
    kern/trap/trap.c:0: print_ticks+69
ebp:0xc0119f60 eip:0xc0101f30
arg :0xc0119f8c 0xc01002e7 0xc0106906 0xc0119fa4
    kern/trap/trap.c:195: trap_dispatch+166
ebp:0xc0119f80 eip:0xc0102339
arg :0xc0119f8c 0x0000807c 0x00010094 0xc0119ff8
    kern/trap/trap.c:245: trap+20
ebp:0xc0119ff8 eip:0xc0102dc4
arg :0xc01067f0 0xc01067f8 0xc0100d6e 0xc0106817
    kern/trap/trapentry.S:24: <unknown>+0
Welcome to the kernel debug monitor!!
Type 'help' for a list of commands.
