c[?7l[2J[0mSeaBIOS (version 1.15.0-1)


iPXE (https://ipxe.org) 00:03.0 CA00 PCI2.10 PnP PMM+07F8B4A0+07ECB4A0 CA00
Press Ctrl-B to configure iPXE (PCI 00:03.0)...                                                                               


Booting from Hard Disk..(THU.CST) os is loading ...

Special kernel symbols:
  entry  0xc0100036 (phys)
  etext  0xc0106418 (phys)
  edata  0xc011c000 (phys)
  end    0xc011cf8c (phys)
Kernel executable memory footprint: 116KB
ebp:0xc0118f38 eip:0xc0100a23
arg :0x00010094 0x00010094 0xc0118f68 0xc01000fe
    kern/debug/kdebug.c:306: print_stackframe+24
ebp:0xc0118f48 eip:0xc0100d14
arg :0x00000000 0x00000000 0x00000000 0xc0118fb8
    kern/debug/kmonitor.c:129: mon_backtrace+10
ebp:0xc0118f68 eip:0xc01000fe
arg :0x00000000 0xc0118f90 0xffff0000 0xc0118f94
    kern/init/init.c:54: grade_backtrace2+33
ebp:0xc0118f88 eip:0xc010012c
arg :0x00000000 0xffff0000 0xc0118fb4 0x0000002a
    kern/init/init.c:59: grade_backtrace1+40
ebp:0xc0118fa8 eip:0xc010014c
arg :0x00000000 0xc0100036 0xffff0000 0x0000001d
    kern/init/init.c:64: grade_backtrace0+23
ebp:0xc0118fc8 eip:0xc0100174
arg :0xc010643c 0xc0106420 0x00000f8c 0x00000000
    kern/init/init.c:69: grade_backtrace+34
ebp:0xc0118ff8 eip:0xc0100087
arg :0xc01065e4 0xc01065ec 0xc0100c98 0xc010660b
    kern/init/init.c:30: kern_init+80
memory management: default_pmm_manager
e820map:
  memory: 0009fc00, [00000000, 0009fbff], type = 1.
  memory: 00000400, [0009fc00, 0009ffff], type = 2.
  memory: 00010000, [000f0000, 000fffff], type = 2.
  memory: 07ee0000, [00100000, 07fdffff], type = 1.
  memory: 00020000, [07fe0000, 07ffffff], type = 2.
  memory: 00040000, [fffc0000, ffffffff], type = 2.
check_alloc_page() succeeded!
check_pgdir() succeeded!
check_boot_pgdir() succeeded!
-------------------- BEGIN --------------------
PDE(0e0) c0000000-f8000000 38000000 urw
  |-- PTE(38000) c0000000-f8000000 38000000 -rw
PDE(001) fac00000-fb000000 00400000 -rw
  |-- PTE(000e0) faf00000-fafe0000 000e0000 urw
  |-- PTE(00001) fafeb000-fafec000 00001000 -rw
--------------------- END ---------------------
++ setup timer interrupts
0: @ring 0
0:  cs = 8
0:  ds = 10
0:  es = 10
0:  ss = 10
+++ switch to  user  mode +++
100 ticks
End of Test.
kernel panic at kern/trap/trap.c:18:
    EOT: kernel seems ok.
stack trackback:
ebp:0xc0118ef8 eip:0xc0100a23
arg :0xc0106718 0xc0118f3c 0x00000012 0x00000000
    kern/debug/kdebug.c:306: print_stackframe+24
ebp:0xc0118f28 eip:0xc0100d85
arg :0xc01067ce 0x00000012 0xc01067b8 0x0000000c
    kern/debug/panic.c:27: __panic+103
ebp:0xc0118f48 eip:0xc010199c
arg :0xc0118fa8 0xc0102212 0xc011c680 0x0000807c
    kern/trap/trap.c:0: print_ticks+65
ebp:0xc0118f88 eip:0xc0101ee3
arg :0xc0118fb4 0xc0100241 0x00000008 0x00000286
    kern/trap/trap.c:201: trap_dispatch+162
ebp:0xc0118fa8 eip:0xc01021f7
arg :0xc0118fb4 0x0000807c 0x00010094 0xc0118fa8
    kern/trap/trap.c:251: trap+16
ebp:0xc0118fa8 eip:0xc0102212
arg :0xc0118fb4 0x0000807c 0x00010094 0xc0118fa8
    kern/trap/trapentry.S:24: <unknown>+0
ebp:0xc0118fa8 eip:0xc0102212
arg :0xc0118fb4 0x0000807c 0x00010094 0xc0118fa8
    kern/trap/trapentry.S:24: <unknown>+0
ebp:0xc0118fa8 eip:0xc0102212
arg :0xc0118fb4 0x0000807c 0x00010094 0xc0118fa8
    kern/trap/trapentry.S:24: <unknown>+0
ebp:0xc0118fa8 eip:0xc0102212
arg :0xc0118fb4 0x0000807c 0x00010094 0xc0118fa8
    kern/trap/trapentry.S:24: <unknown>+0
ebp:0xc0118fa8 eip:0xc0102212
arg :0xc0118fb4 0x0000807c 0x00010094 0xc0118fa8
    kern/trap/trapentry.S:24: <unknown>+0
ebp:0xc0118fa8 eip:0xc0102212
arg :0xc0118fb4 0x0000807c 0x00010094 0xc0118fa8
    kern/trap/trapentry.S:24: <unknown>+0
ebp:0xc0118fa8 eip:0xc0102212
arg :0xc0118fb4 0x0000807c 0x00010094 0xc0118fa8
    kern/trap/trapentry.S:24: <unknown>+0
ebp:0xc0118fa8 eip:0xc0102212
arg :0xc0118fb4 0x0000807c 0x00010094 0xc0118fa8
    kern/trap/trapentry.S:24: <unknown>+0
ebp:0xc0118fa8 eip:0xc0102212
arg :0xc0118fb4 0x0000807c 0x00010094 0xc0118fa8
    kern/trap/trapentry.S:24: <unknown>+0
ebp:0xc0118fa8 eip:0xc0102212
arg :0xc0118fb4 0x0000807c 0x00010094 0xc0118fa8
    kern/trap/trapentry.S:24: <unknown>+0
ebp:0xc0118fa8 eip:0xc0102212
arg :0xc0118fb4 0x0000807c 0x00010094 0xc0118fa8
    kern/trap/trapentry.S:24: <unknown>+0
ebp:0xc0118fa8 eip:0xc0102212
arg :0xc0118fb4 0x0000807c 0x00010094 0xc0118fa8
    kern/trap/trapentry.S:24: <unknown>+0
ebp:0xc0118fa8 eip:0xc0102212
arg :0xc0118fb4 0x0000807c 0x00010094 0xc0118fa8
    kern/trap/trapentry.S:24: <unknown>+0
ebp:0xc0118fa8 eip:0xc0102212
arg :0xc0118fb4 0x0000807c 0x00010094 0xc0118fa8
    kern/trap/trapentry.S:24: <unknown>+0
ebp:0xc0118fa8 eip:0xc0102212
arg :0xc0118fb4 0x0000807c 0x00010094 0xc0118fa8
    kern/trap/trapentry.S:24: <unknown>+0
Welcome to the kernel debug monitor!!
Type 'help' for a list of commands.
K> 